SF:lib/design_patterns/singleton_pattern_example.dart
DA:11,1
DA:18,0
DA:19,0
DA:20,0
DA:21,0
DA:22,0
DA:27,0
DA:28,0
DA:35,0
DA:36,0
DA:37,0
DA:51,2
DA:65,1
DA:69,1
DA:70,1
DA:72,1
DA:75,2
DA:76,1
DA:78,2
DA:79,3
DA:80,3
DA:81,3
DA:85,0
DA:90,1
DA:93,2
DA:104,0
DA:106,0
DA:108,0
DA:111,0
DA:112,0
DA:118,0
DA:125,0
DA:126,0
DA:127,0
DA:136,0
DA:138,0
DA:141,0
DA:144,0
DA:145,0
DA:146,0
DA:149,0
DA:151,0
DA:153,0
DA:155,0
DA:156,0
DA:157,0
DA:158,0
DA:168,1
DA:170,0
DA:171,0
DA:179,0
DA:181,0
DA:182,0
DA:183,0
DA:185,0
DA:186,0
DA:187,0
DA:189,0
DA:190,0
DA:191,0
DA:196,0
DA:199,0
DA:200,0
DA:206,0
DA:209,0
DA:210,0
DA:211,0
DA:212,0
DA:214,0
DA:215,0
DA:216,0
DA:217,0
DA:220,0
DA:222,0
DA:224,0
DA:225,0
DA:239,0
DA:241,0
DA:242,0
DA:243,0
DA:248,1
DA:250,0
DA:252,0
DA:253,0
DA:255,0
DA:256,0
DA:258,0
DA:259,0
DA:261,0
DA:262,0
DA:263,0
DA:264,0
DA:266,0
DA:267,0
DA:273,0
DA:274,0
DA:276,0
DA:277,0
DA:278,0
DA:279,0
LF:100
LH:16
end_of_record
SF:lib/design_patterns/builder_pattern_example.dart
DA:11,1
DA:21,0
DA:22,0
DA:26,0
DA:28,0
DA:29,0
DA:30,0
DA:31,0
DA:32,0
DA:34,0
DA:35,0
DA:36,0
DA:39,0
DA:40,0
DA:41,0
DA:57,1
DA:58,2
DA:59,1
DA:64,1
DA:68,1
DA:69,1
DA:73,1
DA:74,1
DA:78,1
DA:79,1
DA:83,1
DA:84,1
DA:88,1
DA:89,1
DA:93,1
DA:94,1
DA:95,1
DA:96,1
DA:97,1
DA:98,1
DA:99,1
DA:100,1
DA:106,0
DA:108,0
DA:109,0
DA:113,0
DA:115,0
DA:120,0
DA:121,0
DA:122,0
DA:123,0
DA:125,0
DA:127,0
DA:129,0
DA:130,0
LF:50
LH:23
end_of_record
SF:lib/unit_test.dart
DA:8,1
DA:10,3
DA:12,1
DA:13,2
DA:14,1
DA:16,5
DA:20,1
DA:21,1
DA:31,0
LF:9
LH:8
end_of_record
